<?xml version="1.0" encoding="UTF-8"?>
<!-- Generated by org.testng.reporters.JUnitReportReporter -->
<testsuite hostname="LOGESH" failures="0" tests="1" name="com.Inwarrenty.Test.InwarrentyCreateAPITest" time="2.329" errors="0" timestamp="2025-10-02T22:11:48 IST" skipped="0">
  <testcase classname="com.Inwarrenty.Test.InwarrentyCreateAPITest" name="createJobApi" time="2.329"/>
</testsuite> <!-- com.Inwarrenty.Test.InwarrentyCreateAPITest -->
