<?xml version="1.0" encoding="UTF-8"?>
<!-- Generated by org.testng.reporters.JUnitReportReporter -->
<testsuite hostname="LOGESH" failures="0" tests="1" name="com.Inwarrenty.Test.InWarrentLoginAPITest" time="2.303" errors="0" timestamp="2025-10-02T22:26:24 IST" skipped="0">
  <testcase classname="com.Inwarrenty.Test.InWarrentLoginAPITest" name="loginApiTest" time="2.303"/>
</testsuite> <!-- com.Inwarrenty.Test.InWarrentLoginAPITest -->
