<?xml version="1.0" encoding="UTF-8"?>
<!-- Generated by org.testng.reporters.JUnitReportReporter -->
<testsuite hostname="LOGESH" failures="0" tests="2" name="com.Inwarrenty.Test.InWarrentyMasterAPIRequestTest" time="2.545" errors="0" timestamp="2025-09-27T22:36:59 IST" skipped="0">
  <testcase classname="com.Inwarrenty.Test.InWarrentyMasterAPIRequestTest" name="masterAPI_missingAuthToken" time="0.183"/>
  <testcase classname="com.Inwarrenty.Test.InWarrentyMasterAPIRequestTest" name="masterAPI" time="2.362"/>
</testsuite> <!-- com.Inwarrenty.Test.InWarrentyMasterAPIRequestTest -->
